<?xml version="1.0" encoding="UTF-8"?>
<testng-results ignored="0" total="1" passed="1" failed="0" skipped="0">
  <reporter-output>
  </reporter-output>
  <suite started-at="2021-07-01T23:20:25 IST" name="Default suite" finished-at="2021-07-01T23:20:29 IST" duration-ms="3954">
    <groups>
    </groups>
    <test started-at="2021-07-01T23:20:25 IST" name="Default test" finished-at="2021-07-01T23:20:29 IST" duration-ms="3954">
      <class name="get.StoreResponseHeader">
        <test-method signature="storeResponseHeader()[pri:0, instance:get.StoreResponseHeader@2177849e]" started-at="2021-07-01T23:20:25 IST" name="storeResponseHeader" finished-at="2021-07-01T23:20:29 IST" duration-ms="3902" status="PASS">
          <reporter-output>
          </reporter-output>
        </test-method> <!-- storeResponseHeader -->
      </class> <!-- get.StoreResponseHeader -->
    </test> <!-- Default test -->
  </suite> <!-- Default suite -->
</testng-results>
